# JRE version: Java(TM) SE Runtime Environment (18.0.1.1+2) (build 18.0.1.1+2-6)
# Java VM: Java HotSpot(TM) 64-Bit Server VM (18.0.1.1+2-6, mixed mode, sharing, tiered, compressed oops, compressed class ptrs, g1 gc, windows-amd64)
GC Precious Log:
 CardTable entry size: 512
 Card Set container configuration: InlinePtr #cards 5 size 8 Array Of Cards #cards 12 size 40 Howl #buckets 4 coarsen threshold 1843 Howl Bitmap #cards 512 size 80 coarsen threshold 460 Card regions per heap region 1 cards per card region 2048
 CPUs: 12 total, 12 available
 Memory: 6005M
 Large Page Support: Disabled
 NUMA Support: Disabled
 Compressed Oops: Enabled (32-bit)
 Heap Region Size: 1M
 Heap Min Capacity: 8M
 Heap Initial Capacity: 94M
 Heap Max Capacity: 2G
 Pre-touch: Disabled
 Parallel Workers: 10
 Concurrent Workers: 3
 Concurrent Refinement Workers: 10
 Periodic GC: Disabled
Heap:
 garbage-first heap   total 311296K, used 257024K [0x0000000080000000, 0x0000000100000000)
  region size 1024K, 13 young (13312K), 4 survivors (4096K)
 Metaspace       used 119440K, committed 121664K, reserved 1179648K
  class space    used 15553K, committed 16704K, reserved 1048576K
GC Heap History (20 events):
Event: 20.271 GC heap before
{Heap before GC invocations=46 (full 0):
 garbage-first heap   total 311296K, used 196767K [0x0000000080000000, 0x0000000100000000)
  region size 1024K, 15 young (15360K), 1 survivors (1024K)
 Metaspace       used 92707K, committed 94592K, reserved 1179648K
  class space    used 12521K, committed 13504K, reserved 1048576K
}
Event: 20.275 GC heap after
{Heap after GC invocations=47 (full 0):
 garbage-first heap   total 311296K, used 182537K [0x0000000080000000, 0x0000000100000000)
  region size 1024K, 2 young (2048K), 2 survivors (2048K)
 Metaspace       used 92707K, committed 94592K, reserved 1179648K
  class space    used 12521K, committed 13504K, reserved 1048576K
}
Event: 21.975 GC heap before
{Heap before GC invocations=47 (full 0):
 garbage-first heap   total 311296K, used 253193K [0x0000000080000000, 0x0000000100000000)
  region size 1024K, 72 young (73728K), 2 survivors (2048K)
 Metaspace       used 100797K, committed 102848K, reserved 1179648K
  class space    used 13559K, committed 14592K, reserved 1048576K
}
Event: 21.982 GC heap after
{Heap after GC invocations=48 (full 0):
 garbage-first heap   total 311296K, used 188753K [0x0000000080000000, 0x0000000100000000)
  region size 1024K, 8 young (8192K), 8 survivors (8192K)
 Metaspace       used 100797K, committed 102848K, reserved 1179648K
  class space    used 13559K, committed 14592K, reserved 1048576K
}
Event: 22.632 GC heap before
{Heap before GC invocations=48 (full 0):
 garbage-first heap   total 311296K, used 256337K [0x0000000080000000, 0x0000000100000000)
  region size 1024K, 75 young (76800K), 8 survivors (8192K)
 Metaspace       used 101848K, committed 103872K, reserved 1179648K
  class space    used 13629K, committed 14656K, reserved 1048576K
}
Event: 22.642 GC heap after
{Heap after GC invocations=49 (full 0):
 garbage-first heap   total 311296K, used 193987K [0x0000000080000000, 0x0000000100000000)
  region size 1024K, 6 young (6144K), 6 survivors (6144K)
 Metaspace       used 101848K, committed 103872K, reserved 1179648K
  class space    used 13629K, committed 14656K, reserved 1048576K
}
Event: 23.552 GC heap before
{Heap before GC invocations=49 (full 0):
 garbage-first heap   total 311296K, used 259523K [0x0000000080000000, 0x0000000100000000)
  region size 1024K, 71 young (72704K), 6 survivors (6144K)
 Metaspace       used 107522K, committed 109568K, reserved 1179648K
  class space    used 14311K, committed 15360K, reserved 1048576K
}
Event: 23.559 GC heap after
{Heap after GC invocations=50 (full 0):
 garbage-first heap   total 311296K, used 198013K [0x0000000080000000, 0x0000000100000000)
  region size 1024K, 5 young (5120K), 5 survivors (5120K)
 Metaspace       used 107522K, committed 109568K, reserved 1179648K
  class space    used 14311K, committed 15360K, reserved 1048576K
}
Event: 441.654 GC heap before
{Heap before GC invocations=50 (full 0):
 garbage-first heap   total 311296K, used 261501K [0x0000000080000000, 0x0000000100000000)
  region size 1024K, 68 young (69632K), 5 survivors (5120K)
 Metaspace       used 112906K, committed 115008K, reserved 1179648K
  class space    used 14813K, committed 15936K, reserved 1048576K
}
Event: 441.810 GC heap after
{Heap after GC invocations=51 (full 0):
 garbage-first heap   total 311296K, used 202490K [0x0000000080000000, 0x0000000100000000)
  region size 1024K, 9 young (9216K), 9 survivors (9216K)
 Metaspace       used 112906K, committed 115008K, reserved 1179648K
  class space    used 14813K, committed 15936K, reserved 1048576K
}
Event: 446.289 GC heap before
{Heap before GC invocations=51 (full 0):
 garbage-first heap   total 311296K, used 262906K [0x0000000080000000, 0x0000000100000000)
  region size 1024K, 69 young (70656K), 9 survivors (9216K)
 Metaspace       used 114774K, committed 116864K, reserved 1179648K
  class space    used 15009K, committed 16064K, reserved 1048576K
}
Event: 446.315 GC heap after
{Heap after GC invocations=52 (full 0):
 garbage-first heap   total 311296K, used 208345K [0x0000000080000000, 0x0000000100000000)
  region size 1024K, 9 young (9216K), 9 survivors (9216K)
 Metaspace       used 114774K, committed 116864K, reserved 1179648K
  class space    used 15009K, committed 16064K, reserved 1048576K
}
Event: 447.655 GC heap before
{Heap before GC invocations=52 (full 0):
 garbage-first heap   total 311296K, used 263641K [0x0000000080000000, 0x0000000100000000)
  region size 1024K, 63 young (64512K), 9 survivors (9216K)
 Metaspace       used 116036K, committed 118208K, reserved 1179648K
  class space    used 15205K, committed 16320K, reserved 1048576K
}
Event: 447.674 GC heap after
{Heap after GC invocations=53 (full 0):
 garbage-first heap   total 311296K, used 217088K [0x0000000080000000, 0x0000000100000000)
  region size 1024K, 8 young (8192K), 8 survivors (8192K)
 Metaspace       used 116036K, committed 118208K, reserved 1179648K
  class space    used 15205K, committed 16320K, reserved 1048576K
}
Event: 449.099 GC heap before
{Heap before GC invocations=53 (full 0):
 garbage-first heap   total 311296K, used 262143K [0x0000000080000000, 0x0000000100000000)
  region size 1024K, 53 young (54272K), 8 survivors (8192K)
 Metaspace       used 118783K, committed 120960K, reserved 1179648K
  class space    used 15515K, committed 16640K, reserved 1048576K
}
Event: 449.127 GC heap after
{Heap after GC invocations=54 (full 0):
 garbage-first heap   total 311296K, used 225205K [0x0000000080000000, 0x0000000100000000)
  region size 1024K, 7 young (7168K), 7 survivors (7168K)
 Metaspace       used 118783K, committed 120960K, reserved 1179648K
  class space    used 15515K, committed 16640K, reserved 1048576K
}
Event: 449.951 GC heap before
{Heap before GC invocations=54 (full 0):
 garbage-first heap   total 311296K, used 272309K [0x0000000080000000, 0x0000000100000000)
  region size 1024K, 45 young (46080K), 7 survivors (7168K)
 Metaspace       used 119204K, committed 121344K, reserved 1179648K
  class space    used 15542K, committed 16640K, reserved 1048576K
}
Event: 449.969 GC heap after
{Heap after GC invocations=55 (full 0):
 garbage-first heap   total 311296K, used 242851K [0x0000000080000000, 0x0000000100000000)
  region size 1024K, 6 young (6144K), 6 survivors (6144K)
 Metaspace       used 119204K, committed 121344K, reserved 1179648K
  class space    used 15542K, committed 16640K, reserved 1048576K
}
Event: 450.553 GC heap before
{Heap before GC invocations=55 (full 0):
 garbage-first heap   total 311296K, used 271523K [0x0000000080000000, 0x0000000100000000)
  region size 1024K, 27 young (27648K), 6 survivors (6144K)
 Metaspace       used 119405K, committed 121536K, reserved 1179648K
  class space    used 15551K, committed 16640K, reserved 1048576K
}
Event: 450.566 GC heap after
{Heap after GC invocations=56 (full 0):
 garbage-first heap   total 311296K, used 248832K [0x0000000080000000, 0x0000000100000000)
  region size 1024K, 4 young (4096K), 4 survivors (4096K)
 Metaspace       used 119405K, committed 121536K, reserved 1179648K
  class space    used 15551K, committed 16640K, reserved 1048576K
}

