# JRE version: Java(TM) SE Runtime Environment (18.0.1.1+2) (build 18.0.1.1+2-6)
# Java VM: Java HotSpot(TM) 64-Bit Server VM (18.0.1.1+2-6, mixed mode, sharing, tiered, compressed oops, compressed class ptrs, g1 gc, windows-amd64)
GC Precious Log:
 CardTable entry size: 512
 Card Set container configuration: InlinePtr #cards 5 size 8 Array Of Cards #cards 12 size 40 Howl #buckets 4 coarsen threshold 1843 Howl Bitmap #cards 512 size 80 coarsen threshold 460 Card regions per heap region 1 cards per card region 2048
 CPUs: 12 total, 12 available
 Memory: 6005M
 Large Page Support: Disabled
 NUMA Support: Disabled
 Compressed Oops: Enabled (32-bit)
 Heap Region Size: 1M
 Heap Min Capacity: 8M
 Heap Initial Capacity: 94M
 Heap Max Capacity: 2G
 Pre-touch: Disabled
 Parallel Workers: 10
 Concurrent Workers: 3
 Concurrent Refinement Workers: 10
 Periodic GC: Disabled
Heap:
 garbage-first heap   total 325632K, used 223451K [0x0000000080000000, 0x0000000100000000)
  region size 1024K, 5 young (5120K), 5 survivors (5120K)
 Metaspace       used 105575K, committed 107456K, reserved 1179648K
  class space    used 14268K, committed 15232K, reserved 1048576K
GC Heap History (20 events):
Event: 16.375 GC heap after
{Heap after GC invocations=48 (full 0):
 garbage-first heap   total 162816K, used 94345K [0x0000000080000000, 0x0000000100000000)
  region size 1024K, 1 young (1024K), 1 survivors (1024K)
 Metaspace       used 80668K, committed 82496K, reserved 1179648K
  class space    used 11106K, committed 12032K, reserved 1048576K
}
Event: 17.576 GC heap before
{Heap before GC invocations=48 (full 0):
 garbage-first heap   total 162816K, used 131209K [0x0000000080000000, 0x0000000100000000)
  region size 1024K, 38 young (38912K), 1 survivors (1024K)
 Metaspace       used 83222K, committed 85120K, reserved 1179648K
  class space    used 11404K, committed 12352K, reserved 1048576K
}
Event: 17.581 GC heap after
{Heap after GC invocations=49 (full 0):
 garbage-first heap   total 325632K, used 96207K [0x0000000080000000, 0x0000000100000000)
  region size 1024K, 3 young (3072K), 3 survivors (3072K)
 Metaspace       used 83222K, committed 85120K, reserved 1179648K
  class space    used 11404K, committed 12352K, reserved 1048576K
}
Event: 19.998 GC heap before
{Heap before GC invocations=50 (full 0):
 garbage-first heap   total 325632K, used 268239K [0x0000000080000000, 0x0000000100000000)
  region size 1024K, 138 young (141312K), 3 survivors (3072K)
 Metaspace       used 86795K, committed 88704K, reserved 1179648K
  class space    used 11684K, committed 12672K, reserved 1048576K
}
Event: 20.006 GC heap after
{Heap after GC invocations=51 (full 0):
 garbage-first heap   total 325632K, used 102373K [0x0000000080000000, 0x0000000100000000)
  region size 1024K, 9 young (9216K), 9 survivors (9216K)
 Metaspace       used 86795K, committed 88704K, reserved 1179648K
  class space    used 11684K, committed 12672K, reserved 1048576K
}
Event: 20.057 GC heap before
{Heap before GC invocations=51 (full 0):
 garbage-first heap   total 325632K, used 107493K [0x0000000080000000, 0x0000000100000000)
  region size 1024K, 15 young (15360K), 9 survivors (9216K)
 Metaspace       used 87595K, committed 89472K, reserved 1179648K
  class space    used 11757K, committed 12736K, reserved 1048576K
}
Event: 20.064 GC heap after
{Heap after GC invocations=52 (full 0):
 garbage-first heap   total 325632K, used 103197K [0x0000000080000000, 0x0000000100000000)
  region size 1024K, 2 young (2048K), 2 survivors (2048K)
 Metaspace       used 87595K, committed 89472K, reserved 1179648K
  class space    used 11757K, committed 12736K, reserved 1048576K
}
Event: 21.608 GC heap before
{Heap before GC invocations=52 (full 0):
 garbage-first heap   total 325632K, used 274205K [0x0000000080000000, 0x0000000100000000)
  region size 1024K, 170 young (174080K), 2 survivors (2048K)
 Metaspace       used 94394K, committed 96320K, reserved 1179648K
  class space    used 12563K, committed 13568K, reserved 1048576K
}
Event: 21.620 GC heap after
{Heap after GC invocations=53 (full 0):
 garbage-first heap   total 325632K, used 110809K [0x0000000080000000, 0x0000000100000000)
  region size 1024K, 9 young (9216K), 9 survivors (9216K)
 Metaspace       used 94394K, committed 96320K, reserved 1179648K
  class space    used 12563K, committed 13568K, reserved 1048576K
}
Event: 22.867 GC heap before
{Heap before GC invocations=53 (full 0):
 garbage-first heap   total 325632K, used 236761K [0x0000000080000000, 0x0000000100000000)
  region size 1024K, 116 young (118784K), 9 survivors (9216K)
 Metaspace       used 99277K, committed 101184K, reserved 1179648K
  class space    used 13178K, committed 14144K, reserved 1048576K
}
Event: 22.878 GC heap after
{Heap after GC invocations=54 (full 0):
 garbage-first heap   total 325632K, used 135474K [0x0000000080000000, 0x0000000100000000)
  region size 1024K, 19 young (19456K), 19 survivors (19456K)
 Metaspace       used 99277K, committed 101184K, reserved 1179648K
  class space    used 13178K, committed 14144K, reserved 1048576K
}
Event: 23.100 GC heap before
{Heap before GC invocations=54 (full 0):
 garbage-first heap   total 325632K, used 194866K [0x0000000080000000, 0x0000000100000000)
  region size 1024K, 58 young (59392K), 19 survivors (19456K)
 Metaspace       used 99584K, committed 101504K, reserved 1179648K
  class space    used 13220K, committed 14208K, reserved 1048576K
}
Event: 23.116 GC heap after
{Heap after GC invocations=55 (full 0):
 garbage-first heap   total 325632K, used 156978K [0x0000000080000000, 0x0000000100000000)
  region size 1024K, 19 young (19456K), 19 survivors (19456K)
 Metaspace       used 99584K, committed 101504K, reserved 1179648K
  class space    used 13220K, committed 14208K, reserved 1048576K
}
Event: 23.652 GC heap before
{Heap before GC invocations=56 (full 0):
 garbage-first heap   total 325632K, used 246066K [0x0000000080000000, 0x0000000100000000)
  region size 1024K, 105 young (107520K), 19 survivors (19456K)
 Metaspace       used 102087K, committed 103936K, reserved 1179648K
  class space    used 13745K, committed 14720K, reserved 1048576K
}
Event: 23.702 GC heap after
{Heap after GC invocations=57 (full 0):
 garbage-first heap   total 325632K, used 199179K [0x0000000080000000, 0x0000000100000000)
  region size 1024K, 14 young (14336K), 14 survivors (14336K)
 Metaspace       used 102087K, committed 103936K, reserved 1179648K
  class space    used 13745K, committed 14720K, reserved 1048576K
}
Event: 23.707 GC heap before
{Heap before GC invocations=57 (full 0):
 garbage-first heap   total 325632K, used 200203K [0x0000000080000000, 0x0000000100000000)
  region size 1024K, 15 young (15360K), 14 survivors (14336K)
 Metaspace       used 102089K, committed 103936K, reserved 1179648K
  class space    used 13745K, committed 14720K, reserved 1048576K
}
Event: 23.725 GC heap after
{Heap after GC invocations=58 (full 0):
 garbage-first heap   total 325632K, used 201728K [0x0000000080000000, 0x0000000100000000)
  region size 1024K, 2 young (2048K), 2 survivors (2048K)
 Metaspace       used 102089K, committed 103936K, reserved 1179648K
  class space    used 13745K, committed 14720K, reserved 1048576K
}
Event: 24.145 GC heap before
{Heap before GC invocations=58 (full 0):
 garbage-first heap   total 325632K, used 249856K [0x0000000080000000, 0x0000000100000000)
  region size 1024K, 50 young (51200K), 2 survivors (2048K)
 Metaspace       used 104375K, committed 106240K, reserved 1179648K
  class space    used 14074K, committed 15040K, reserved 1048576K
}
Event: 24.156 GC heap after
{Heap after GC invocations=59 (full 0):
 garbage-first heap   total 325632K, used 217520K [0x0000000080000000, 0x0000000100000000)
  region size 1024K, 7 young (7168K), 7 survivors (7168K)
 Metaspace       used 104375K, committed 106240K, reserved 1179648K
  class space    used 14074K, committed 15040K, reserved 1048576K
}
Event: 24.688 GC heap before
{Heap before GC invocations=59 (full 0):
 garbage-first heap   total 325632K, used 256432K [0x0000000080000000, 0x0000000100000000)
  region size 1024K, 46 young (47104K), 7 survivors (7168K)
 Metaspace       used 105575K, committed 107456K, reserved 1179648K
  class space    used 14268K, committed 15232K, reserved 1048576K
}

